app/build/intermediates/manifest_merge_blame_file/debug/manifest-merger-blame-debug-report.txt
1<?xml version="1.0" encoding="utf-8"?>
2<manifest xmlns:android="http://schemas.android.com/apk/res/android"
3    coreApp="true"
4    package="com.checkmate.android"
5    android:versionCode="1"
6    android:versionName="4.002" >
7
8    <uses-sdk
9        android:minSdkVersion="29"
9-->src/main/AndroidManifest.xml
10        android:targetSdkVersion="31" />
10-->src/main/AndroidManifest.xml
11
12    <uses-permission android:name="android.hardware.usb.host" />
12-->src/main/AndroidManifest.xml:7:5-65
12-->src/main/AndroidManifest.xml:7:22-62
13
14    <uses-feature
14-->src/main/AndroidManifest.xml:9:5-11:35
15        android:name="android.hardware.camera.any"
15-->src/main/AndroidManifest.xml:10:9-51
16        android:required="true" />
16-->src/main/AndroidManifest.xml:11:9-32
17    <uses-feature
17-->src/main/AndroidManifest.xml:12:5-14:35
18        android:name="android.hardware.camera"
18-->src/main/AndroidManifest.xml:13:9-47
19        android:required="true" />
19-->src/main/AndroidManifest.xml:14:9-32
20    <uses-feature android:name="android.hardware.camera.autofocus" />
20-->src/main/AndroidManifest.xml:15:5-70
20-->src/main/AndroidManifest.xml:15:19-67
21    <uses-feature
21-->src/main/AndroidManifest.xml:16:5-18:36
22        android:name="android.hardware.camera2"
22-->src/main/AndroidManifest.xml:17:9-48
23        android:required="false" />
23-->src/main/AndroidManifest.xml:18:9-33
24    <uses-feature
24-->src/main/AndroidManifest.xml:19:5-21:36
25        android:name="android.hardware.camera.flash"
25-->src/main/AndroidManifest.xml:20:9-53
26        android:required="false" />
26-->src/main/AndroidManifest.xml:21:9-33
27    <uses-feature
27-->src/main/AndroidManifest.xml:22:5-24:36
28        android:name="android.hardware.microphone"
28-->src/main/AndroidManifest.xml:23:9-51
29        android:required="false" />
29-->src/main/AndroidManifest.xml:24:9-33
30
31    <permission android:name="android.permission.MANAGE_DEVICE_ADMINS" />
31-->src/main/AndroidManifest.xml:26:5-28:51
31-->src/main/AndroidManifest.xml:27:9-63
32    <permission android:name="android.permission.FACTORY_RESET" />
32-->src/main/AndroidManifest.xml:29:5-31:51
32-->src/main/AndroidManifest.xml:30:9-56
33    <permission android:name="android.permission.BIND_DEVICE_ADMIN" />
33-->src/main/AndroidManifest.xml:32:5-34:51
33-->src/main/AndroidManifest.xml:33:9-60
34    <permission android:name="android.permission.CLEAR_APP_USER_DATA" />
34-->src/main/AndroidManifest.xml:35:5-37:51
34-->src/main/AndroidManifest.xml:36:9-62
35    <permission android:name="android.permission.FORCE_STOP_PACKAGES" />
35-->src/main/AndroidManifest.xml:38:5-40:51
35-->src/main/AndroidManifest.xml:39:9-62
36    <permission android:name="android.permission.REBOOT" />
36-->src/main/AndroidManifest.xml:41:5-43:51
36-->src/main/AndroidManifest.xml:42:9-49
37    <permission android:name="android.permission.BIND_ACCESSIBILITY_SERVICE" />
37-->src/main/AndroidManifest.xml:44:5-46:51
37-->src/main/AndroidManifest.xml:45:9-69
38    <permission android:name="android.permission.INJECT_EVENTS" />
38-->src/main/AndroidManifest.xml:47:5-49:51
38-->src/main/AndroidManifest.xml:48:9-56
39
40    <uses-permission android:name="android.permission.REQUEST_INSTALL_PACKAGES" />
40-->src/main/AndroidManifest.xml:50:5-82
40-->src/main/AndroidManifest.xml:50:22-80
41    <uses-permission android:name="android.permission.ACCESS_NETWORK_STATE" />
41-->src/main/AndroidManifest.xml:52:5-79
41-->src/main/AndroidManifest.xml:52:22-76
42    <uses-permission android:name="android.permission.CAMERA" />
42-->src/main/AndroidManifest.xml:53:5-65
42-->src/main/AndroidManifest.xml:53:22-62
43    <uses-permission android:name="android.permission.ACCESS_FINE_LOCATION" />
43-->src/main/AndroidManifest.xml:54:5-79
43-->src/main/AndroidManifest.xml:54:22-76
44    <uses-permission android:name="android.permission.CHANGE_WIFI_MULTICAST_STATE" />
44-->src/main/AndroidManifest.xml:55:5-86
44-->src/main/AndroidManifest.xml:55:22-83
45    <uses-permission android:name="android.permission.CHANGE_NETWORK_STATE" />
45-->src/main/AndroidManifest.xml:56:5-79
45-->src/main/AndroidManifest.xml:56:22-76
46    <uses-permission android:name="android.permission.BLUETOOTH" />
46-->src/main/AndroidManifest.xml:57:5-68
46-->src/main/AndroidManifest.xml:57:22-65
47    <uses-permission android:name="android.permission.INTERNET" />
47-->src/main/AndroidManifest.xml:58:5-67
47-->src/main/AndroidManifest.xml:58:22-64
48    <uses-permission android:name="android.permission.POST_NOTIFICATIONS" />
48-->src/main/AndroidManifest.xml:59:5-77
48-->src/main/AndroidManifest.xml:59:22-74
49    <uses-permission android:name="android.permission.RECORD_AUDIO" />
49-->src/main/AndroidManifest.xml:60:5-71
49-->src/main/AndroidManifest.xml:60:22-68
50    <uses-permission android:name="android.permission.RECORD_AUDIO" />
50-->src/main/AndroidManifest.xml:60:5-71
50-->src/main/AndroidManifest.xml:60:22-68
51    <uses-permission android:name="android.permission.READ_PHONE_STATE" /> <!-- Essential Permissions -->
51-->src/main/AndroidManifest.xml:62:5-75
51-->src/main/AndroidManifest.xml:62:22-72
52    <uses-permission android:name="android.permission.READ_PHONE_STATE" />
52-->src/main/AndroidManifest.xml:62:5-75
52-->src/main/AndroidManifest.xml:62:22-72
53    <uses-permission android:name="android.permission.FOREGROUND_SERVICE" />
53-->src/main/AndroidManifest.xml:64:5-77
53-->src/main/AndroidManifest.xml:64:22-74
54    <uses-permission android:name="android.permission.FOREGROUND_SERVICE" />
54-->src/main/AndroidManifest.xml:64:5-77
54-->src/main/AndroidManifest.xml:64:22-74
55    <uses-permission android:name="android.permission.WRITE_EXTERNAL_STORAGE" />
55-->src/main/AndroidManifest.xml:66:5-81
55-->src/main/AndroidManifest.xml:66:22-78
56    <uses-permission android:name="android.permission.READ_EXTERNAL_STORAGE" />
56-->src/main/AndroidManifest.xml:67:5-80
56-->src/main/AndroidManifest.xml:67:22-77
57    <uses-permission android:name="android.permission.READ_EXTERNAL_STORAGE" />
57-->src/main/AndroidManifest.xml:67:5-80
57-->src/main/AndroidManifest.xml:67:22-77
58    <uses-permission android:name="android.permission.MODIFY_AUDIO_SETTINGS" />
58-->src/main/AndroidManifest.xml:69:5-80
58-->src/main/AndroidManifest.xml:69:22-77
59    <uses-permission android:name="android.permission.MODIFY_AUDIO_SETTINGS" />
59-->src/main/AndroidManifest.xml:69:5-80
59-->src/main/AndroidManifest.xml:69:22-77
60    <uses-permission android:name="android.permission.MODIFY_AUDIO_ROUTING" />
60-->src/main/AndroidManifest.xml:71:5-79
60-->src/main/AndroidManifest.xml:71:22-76
61    <uses-permission android:name="android.permission.BROADCAST_STICKY" />
61-->src/main/AndroidManifest.xml:72:5-75
61-->src/main/AndroidManifest.xml:72:22-72
62    <uses-permission android:name="android.permission.VIBRATE" />
62-->src/main/AndroidManifest.xml:73:5-66
62-->src/main/AndroidManifest.xml:73:22-63
63    <uses-permission android:name="android.permission.READ_PRIVILEGED_PHONE_STATE" />
63-->src/main/AndroidManifest.xml:74:5-86
63-->src/main/AndroidManifest.xml:74:22-83
64    <uses-permission android:name="android.permission.REQUEST_INSTALL_PACKAGES" />
64-->src/main/AndroidManifest.xml:50:5-82
64-->src/main/AndroidManifest.xml:50:22-80
65    <uses-permission android:name="android.permission.ACCESS_WIFI_STATE" />
65-->src/main/AndroidManifest.xml:76:5-76
65-->src/main/AndroidManifest.xml:76:22-73
66    <uses-permission android:name="android.permission.CHANGE_WIFI_STATE" />
66-->src/main/AndroidManifest.xml:77:5-76
66-->src/main/AndroidManifest.xml:77:22-73
67    <uses-permission android:name="android.permission.ACCESS_COARSE_LOCATION" />
67-->src/main/AndroidManifest.xml:78:5-81
67-->src/main/AndroidManifest.xml:78:22-78
68    <uses-permission android:name="android.permission.WAKE_LOCK" />
68-->src/main/AndroidManifest.xml:79:5-68
68-->src/main/AndroidManifest.xml:79:22-65
69    <uses-permission android:name="android.permission.MANAGE_EXTERNAL_STORAGE" />
69-->src/main/AndroidManifest.xml:80:5-82
69-->src/main/AndroidManifest.xml:80:22-79
70    <uses-permission android:name="android.permission.BIND_ACCESSIBILITY_SERVICE" />
70-->src/main/AndroidManifest.xml:81:5-85
70-->src/main/AndroidManifest.xml:81:22-82
71    <uses-permission android:name="com.android.permission.RECORD_AUDIO_CALL" />
71-->src/main/AndroidManifest.xml:82:5-80
71-->src/main/AndroidManifest.xml:82:22-77
72    <uses-permission android:name="android.permission.INTERACT_ACROSS_USERS_FULL" />
72-->src/main/AndroidManifest.xml:83:5-85
72-->src/main/AndroidManifest.xml:83:22-82
73    <uses-permission android:name="android.permission.REQUEST_IGNORE_BACKGROUND_RESTRICTIONS" />
73-->src/main/AndroidManifest.xml:84:5-97
73-->src/main/AndroidManifest.xml:84:22-94
74    <uses-permission android:name="android.permission.SYSTEM_ALERT_WINDOW" />
74-->src/main/AndroidManifest.xml:85:5-78
74-->src/main/AndroidManifest.xml:85:22-75
75    <uses-permission android:name="android.permission.REQUEST_IGNORE_BATTERY_OPTIMIZATIONS" />
75-->src/main/AndroidManifest.xml:86:5-95
75-->src/main/AndroidManifest.xml:86:22-92
76    <uses-permission android:name="android.permission.ACCESS_NOTIFICATION_POLICY" />
76-->src/main/AndroidManifest.xml:87:5-85
76-->src/main/AndroidManifest.xml:87:22-82
77    <uses-permission android:name="android.permission.ACCESS_SUPERUSER" />
77-->src/main/AndroidManifest.xml:88:5-75
77-->src/main/AndroidManifest.xml:88:22-72
78    <uses-permission android:name="android.permission.WRITE_SETTINGS" />
78-->src/main/AndroidManifest.xml:89:5-73
78-->src/main/AndroidManifest.xml:89:22-70
79    <uses-permission android:name="android.permission.WRITE_SECURE_SETTINGS" />
79-->src/main/AndroidManifest.xml:90:5-80
79-->src/main/AndroidManifest.xml:90:22-77
80    <uses-permission android:name="android.permission.MEDIA_PROJECTION" />
80-->src/main/AndroidManifest.xml:91:5-75
80-->src/main/AndroidManifest.xml:91:22-72
81    <uses-permission android:name="android.permission.FOREGROUND_SERVICE_MICROPHONE" />
81-->src/main/AndroidManifest.xml:92:5-88
81-->src/main/AndroidManifest.xml:92:22-85
82    <uses-permission android:name="android.permission.FOREGROUND_SERVICE_PHONE_CALL" />
82-->src/main/AndroidManifest.xml:93:5-88
82-->src/main/AndroidManifest.xml:93:22-85
83    <uses-permission android:name="android.permission.MANAGE_OWN_CALLS" /> <!-- Only needed for API 28 and lower -->
83-->src/main/AndroidManifest.xml:94:5-75
83-->src/main/AndroidManifest.xml:94:22-72
84    <uses-permission android:name="android.permission.CAPTURE_VOICE_COMMUNICATION_OUTPUT" />
84-->src/main/AndroidManifest.xml:95:5-93
84-->src/main/AndroidManifest.xml:95:22-90
85    <uses-permission
85-->src/main/AndroidManifest.xml:96:5-98:58
86        android:name="android.permission.CAPTURE_AUDIO_OUTPUT"
86-->src/main/AndroidManifest.xml:97:9-63
87        android:protectionLevel="signature|privileged" />
87-->src/main/AndroidManifest.xml:98:9-55
88    <uses-permission android:name="com.samsung.android.providers.context.permission.WRITE_USE_APP_FEATURE_SURVEY" />
88-->src/main/AndroidManifest.xml:99:5-117
88-->src/main/AndroidManifest.xml:99:22-114
89    <uses-permission android:name="android.permission.READ_MEDIA_AUDIO" /> <!-- Only works on rooted devices or system apps -->
89-->src/main/AndroidManifest.xml:100:5-75
89-->src/main/AndroidManifest.xml:100:22-72
90    <uses-permission android:name="android.permission.MANAGE_DEVICE_POLICY_AUDIO_OUTPUT" />
90-->src/main/AndroidManifest.xml:101:5-92
90-->src/main/AndroidManifest.xml:101:22-89
91    <!-- Scoped-storage on Android 13+ -->
92    <uses-permission android:name="android.permission.READ_MEDIA_IMAGES" />
92-->src/main/AndroidManifest.xml:103:5-75
92-->src/main/AndroidManifest.xml:103:22-73
93    <uses-permission android:name="android.permission.READ_MEDIA_VIDEO" />
93-->src/main/AndroidManifest.xml:104:5-74
93-->src/main/AndroidManifest.xml:104:22-72
94    <uses-permission
94-->src/main/AndroidManifest.xml:105:5-118
95        android:name="android.permission.PROJECT_MEDIA"
95-->src/main/AndroidManifest.xml:105:22-69
96        android:protectionLevel="signature|privileged" />
96-->src/main/AndroidManifest.xml:105:70-116
97    <uses-permission
97-->src/main/AndroidManifest.xml:106:5-125
98        android:name="android.permission.CAPTURE_VIDEO_OUTPUT"
98-->src/main/AndroidManifest.xml:106:22-76
99        android:protectionLevel="signature|privileged" />
99-->src/main/AndroidManifest.xml:106:77-123
100    <uses-permission
100-->src/main/AndroidManifest.xml:107:5-140
101        android:name="android.permission.FOREGROUND_SERVICE_MEDIA_PROJECTION"
101-->src/main/AndroidManifest.xml:107:22-91
102        android:protectionLevel="signature|privileged" />
102-->src/main/AndroidManifest.xml:107:92-138
103    <uses-permission android:name="android.permission.FOREGROUND_SERVICE_CAMERA" />
103-->src/main/AndroidManifest.xml:108:5-83
103-->src/main/AndroidManifest.xml:108:22-81
104    <uses-permission android:name="android.permission.ACCESS_SURFACE_FLINGER" />
104-->src/main/AndroidManifest.xml:109:5-110:49
104-->src/main/AndroidManifest.xml:109:22-78
105    <uses-permission android:name="com.google.android.finsky.permission.BIND_GET_INSTALL_REFERRER_SERVICE" />
105-->[com.google.android.gms:play-services-measurement:22.4.0] AndroidManifest.xml:26:5-110
105-->[com.google.android.gms:play-services-measurement:22.4.0] AndroidManifest.xml:26:22-107
106    <uses-permission android:name="com.google.android.gms.permission.AD_ID" />
106-->[com.google.android.gms:play-services-measurement-api:22.4.0] AndroidManifest.xml:25:5-79
106-->[com.google.android.gms:play-services-measurement-api:22.4.0] AndroidManifest.xml:25:22-76
107    <uses-permission android:name="android.permission.ACCESS_ADSERVICES_ATTRIBUTION" />
107-->[com.google.android.gms:play-services-measurement-api:22.4.0] AndroidManifest.xml:26:5-88
107-->[com.google.android.gms:play-services-measurement-api:22.4.0] AndroidManifest.xml:26:22-85
108    <uses-permission android:name="android.permission.ACCESS_ADSERVICES_AD_ID" />
108-->[com.google.android.gms:play-services-measurement-api:22.4.0] AndroidManifest.xml:27:5-82
108-->[com.google.android.gms:play-services-measurement-api:22.4.0] AndroidManifest.xml:27:22-79
109
110    <permission
110-->[androidx.core:core:1.13.0] AndroidManifest.xml:22:5-24:47
111        android:name="com.checkmate.android.DYNAMIC_RECEIVER_NOT_EXPORTED_PERMISSION"
111-->[androidx.core:core:1.13.0] AndroidManifest.xml:23:9-81
112        android:protectionLevel="signature" />
112-->[androidx.core:core:1.13.0] AndroidManifest.xml:24:9-44
113
114    <uses-permission android:name="com.checkmate.android.DYNAMIC_RECEIVER_NOT_EXPORTED_PERMISSION" />
114-->[androidx.core:core:1.13.0] AndroidManifest.xml:26:5-97
114-->[androidx.core:core:1.13.0] AndroidManifest.xml:26:22-94
115
116    <queries>
116-->[ch.acra:acra-mail:5.12.0] AndroidManifest.xml:22:5-36:15
117        <intent>
117-->[ch.acra:acra-mail:5.12.0] AndroidManifest.xml:23:9-27:18
118            <action android:name="android.intent.action.SEND" />
118-->[ch.acra:acra-mail:5.12.0] AndroidManifest.xml:24:13-65
118-->[ch.acra:acra-mail:5.12.0] AndroidManifest.xml:24:21-62
119
120            <data android:mimeType="message/rfc822" />
120-->[ch.acra:acra-mail:5.12.0] AndroidManifest.xml:26:13-55
120-->[ch.acra:acra-mail:5.12.0] AndroidManifest.xml:26:19-52
121        </intent>
122        <intent>
122-->[ch.acra:acra-mail:5.12.0] AndroidManifest.xml:28:9-32:18
123            <action android:name="android.intent.action.SEND_MULTIPLE" />
123-->[ch.acra:acra-mail:5.12.0] AndroidManifest.xml:29:13-74
123-->[ch.acra:acra-mail:5.12.0] AndroidManifest.xml:29:21-71
124
125            <data android:mimeType="message/rfc822" />
125-->[ch.acra:acra-mail:5.12.0] AndroidManifest.xml:26:13-55
125-->[ch.acra:acra-mail:5.12.0] AndroidManifest.xml:26:19-52
126        </intent>
127        <intent>
127-->[ch.acra:acra-mail:5.12.0] AndroidManifest.xml:33:9-35:18
128            <action android:name="android.intent.action.SENDTO" />
128-->[ch.acra:acra-mail:5.12.0] AndroidManifest.xml:34:13-67
128-->[ch.acra:acra-mail:5.12.0] AndroidManifest.xml:34:21-64
129        </intent>
130    </queries>
131
132    <uses-feature
132-->[:libuvccamera] AndroidManifest.xml:12:5-14:36
133        android:name="android.hardware.usb.host"
133-->[:libuvccamera] AndroidManifest.xml:13:9-49
134        android:required="false" />
134-->[:libuvccamera] AndroidManifest.xml:14:9-33
135
136    <application
136-->src/main/AndroidManifest.xml:112:5-300:19
137        android:name="com.checkmate.android.MyApp"
137-->src/main/AndroidManifest.xml:113:9-30
138        android:allowBackup="false"
138-->src/main/AndroidManifest.xml:114:9-36
139        android:appComponentFactory="androidx.core.app.CoreComponentFactory"
139-->[androidx.core:core:1.13.0] AndroidManifest.xml:28:18-86
140        android:debuggable="true"
141        android:extractNativeLibs="false"
142        android:hardwareAccelerated="true"
142-->src/main/AndroidManifest.xml:115:9-43
143        android:icon="@mipmap/ic_launcher"
143-->src/main/AndroidManifest.xml:116:9-43
144        android:label="@string/app_name"
144-->src/main/AndroidManifest.xml:117:9-41
145        android:largeHeap="true"
145-->src/main/AndroidManifest.xml:118:9-33
146        android:networkSecurityConfig="@xml/network_security_config"
146-->src/main/AndroidManifest.xml:119:9-69
147        android:requestLegacyExternalStorage="true"
147-->src/main/AndroidManifest.xml:120:9-52
148        android:roundIcon="@mipmap/ic_launcher_round"
148-->src/main/AndroidManifest.xml:121:9-54
149        android:sharedUserId="android.uid.system"
149-->src/main/AndroidManifest.xml:122:9-50
150        android:supportsRtl="true"
150-->[com.github.blikoon:QRCodeScanner:0.1.2] AndroidManifest.xml:14:9-35
151        android:testOnly="true"
152        android:theme="@style/AppTheme"
152-->src/main/AndroidManifest.xml:123:9-40
153        android:usesCleartextTraffic="true" >
153-->src/main/AndroidManifest.xml:124:9-44
154        <receiver
154-->src/main/AndroidManifest.xml:128:9-131:48
155            android:name="com.checkmate.android.receiver.MyRestartReceiver"
155-->src/main/AndroidManifest.xml:129:13-55
156            android:enabled="true"
156-->src/main/AndroidManifest.xml:130:13-35
157            android:exported="true" />
157-->src/main/AndroidManifest.xml:131:13-36
158
159        <activity
159-->src/main/AndroidManifest.xml:133:9-138:52
160            android:name="com.checkmate.android.RestartActivity"
160-->src/main/AndroidManifest.xml:134:13-44
161            android:excludeFromRecents="true"
161-->src/main/AndroidManifest.xml:135:13-46
162            android:exported="false"
162-->src/main/AndroidManifest.xml:136:13-37
163            android:launchMode="singleTask"
163-->src/main/AndroidManifest.xml:137:13-44
164            android:screenOrientation="portrait" />
164-->src/main/AndroidManifest.xml:138:13-49
165        <activity
165-->src/main/AndroidManifest.xml:140:9-145:52
166            android:name="com.checkmate.android.SoftRestartActivity"
166-->src/main/AndroidManifest.xml:141:13-48
167            android:excludeFromRecents="true"
167-->src/main/AndroidManifest.xml:142:13-46
168            android:exported="false"
168-->src/main/AndroidManifest.xml:143:13-37
169            android:launchMode="singleTask"
169-->src/main/AndroidManifest.xml:144:13-44
170            android:screenOrientation="portrait" />
170-->src/main/AndroidManifest.xml:145:13-49
171        <activity
171-->src/main/AndroidManifest.xml:146:9-151:58
172            android:name="com.checkmate.android.ui.activity.UsbPopupActivity"
172-->src/main/AndroidManifest.xml:147:13-57
173            android:exported="false"
173-->src/main/AndroidManifest.xml:148:13-37
174            android:screenOrientation="portrait"
174-->src/main/AndroidManifest.xml:149:13-49
175            android:theme="@style/UsbDialogTheme"
175-->src/main/AndroidManifest.xml:150:13-50
176            android:windowSoftInputMode="adjustResize" />
176-->src/main/AndroidManifest.xml:151:13-55
177        <activity
177-->src/main/AndroidManifest.xml:152:9-154:52
178            android:name="com.checkmate.android.ui.activity.WebActivity"
178-->src/main/AndroidManifest.xml:153:13-52
179            android:screenOrientation="portrait" />
179-->src/main/AndroidManifest.xml:154:13-49
180        <!--
181               Set to true if your app is Standalone, that is, it does not require the handheld
182               app to run.
183        -->
184        <!-- <activity -->
185        <!-- android:name=".ui.activity.HomeActivity" -->
186        <!-- android:label="@string/title_activity_home" /> -->
187        <service
187-->src/main/AndroidManifest.xml:162:9-166:40
188            android:name="com.checkmate.android.service.BgCameraService"
188-->src/main/AndroidManifest.xml:163:13-52
189            android:enabled="true"
189-->src/main/AndroidManifest.xml:165:13-35
190            android:exported="false"
190-->src/main/AndroidManifest.xml:166:13-37
191            android:foregroundServiceType="camera|microphone" />
191-->src/main/AndroidManifest.xml:164:13-62
192        <service
192-->src/main/AndroidManifest.xml:167:9-170:74
193            android:name="com.checkmate.android.service.BgCastService"
193-->src/main/AndroidManifest.xml:168:13-50
194            android:foregroundServiceType="mediaProjection"
194-->src/main/AndroidManifest.xml:169:13-60
195            android:permission="android.permission.FOREGROUND_SERVICE" />
195-->src/main/AndroidManifest.xml:170:13-71
196        <service
196-->src/main/AndroidManifest.xml:171:9-175:40
197            android:name="com.checkmate.android.service.BgAudioService"
197-->src/main/AndroidManifest.xml:172:13-51
198            android:enabled="true"
198-->src/main/AndroidManifest.xml:174:13-35
199            android:exported="false"
199-->src/main/AndroidManifest.xml:175:13-37
200            android:foregroundServiceType="camera|microphone" />
200-->src/main/AndroidManifest.xml:173:13-62
201        <service
201-->src/main/AndroidManifest.xml:176:9-180:40
202            android:name="com.checkmate.android.service.BgWifiService"
202-->src/main/AndroidManifest.xml:177:13-50
203            android:enabled="true"
203-->src/main/AndroidManifest.xml:179:13-35
204            android:exported="false"
204-->src/main/AndroidManifest.xml:180:13-37
205            android:foregroundServiceType="camera|microphone" />
205-->src/main/AndroidManifest.xml:178:13-62
206        <service
206-->src/main/AndroidManifest.xml:181:9-185:40
207            android:name="com.checkmate.android.service.BgUSBService"
207-->src/main/AndroidManifest.xml:182:13-49
208            android:enabled="true"
208-->src/main/AndroidManifest.xml:184:13-35
209            android:exported="false"
209-->src/main/AndroidManifest.xml:185:13-37
210            android:foregroundServiceType="camera|microphone" />
210-->src/main/AndroidManifest.xml:183:13-62
211        <service
211-->src/main/AndroidManifest.xml:186:9-198:19
212            android:name="com.checkmate.android.service.MyAccessibilityService"
212-->src/main/AndroidManifest.xml:187:13-59
213            android:exported="false"
213-->src/main/AndroidManifest.xml:188:13-37
214            android:label="@string/accessibility_service_label"
214-->src/main/AndroidManifest.xml:189:13-64
215            android:permission="android.permission.BIND_ACCESSIBILITY_SERVICE" >
215-->src/main/AndroidManifest.xml:190:13-79
216            <meta-data
216-->src/main/AndroidManifest.xml:191:13-193:72
217                android:name="android.accessibilityservice"
217-->src/main/AndroidManifest.xml:192:17-60
218                android:resource="@xml/accessibility_service_config" />
218-->src/main/AndroidManifest.xml:193:17-69
219
220            <intent-filter>
220-->src/main/AndroidManifest.xml:195:13-197:29
221                <action android:name="android.accessibilityservice.AccessibilityService" />
221-->src/main/AndroidManifest.xml:196:17-92
221-->src/main/AndroidManifest.xml:196:25-89
222            </intent-filter>
223        </service>
224
225        <activity
225-->src/main/AndroidManifest.xml:200:9-202:52
226            android:name="com.checkmate.android.ui.activity.HomeActivity"
226-->src/main/AndroidManifest.xml:201:13-53
227            android:screenOrientation="portrait" />
227-->src/main/AndroidManifest.xml:202:13-49
228        <activity
228-->src/main/AndroidManifest.xml:203:9-205:52
229            android:name="com.checkmate.android.ui.activity.PinActivity"
229-->src/main/AndroidManifest.xml:204:13-52
230            android:screenOrientation="portrait" />
230-->src/main/AndroidManifest.xml:205:13-49
231        <activity
231-->src/main/AndroidManifest.xml:206:9-208:52
232            android:name="com.checkmate.android.ui.activity.ShareActivity"
232-->src/main/AndroidManifest.xml:207:13-54
233            android:screenOrientation="portrait" />
233-->src/main/AndroidManifest.xml:208:13-49
234        <activity
234-->src/main/AndroidManifest.xml:209:9-212:81
235            android:name="com.checkmate.android.ui.activity.ImageViewerActivity"
235-->src/main/AndroidManifest.xml:210:13-60
236            android:screenOrientation="portrait"
236-->src/main/AndroidManifest.xml:211:13-49
237            android:theme="@style/Theme.MaterialComponents.Light.NoActionBar" />
237-->src/main/AndroidManifest.xml:212:13-78
238        <activity
238-->src/main/AndroidManifest.xml:213:9-216:81
239            android:name="com.checkmate.android.ui.activity.VideoPlayerActivity"
239-->src/main/AndroidManifest.xml:214:13-60
240            android:screenOrientation="portrait"
240-->src/main/AndroidManifest.xml:215:13-49
241            android:theme="@style/Theme.MaterialComponents.Light.NoActionBar" />
241-->src/main/AndroidManifest.xml:216:13-78
242        <activity
242-->src/main/AndroidManifest.xml:217:9-228:20
243            android:name="com.checkmate.android.ui.activity.SplashActivity"
243-->src/main/AndroidManifest.xml:218:13-55
244            android:exported="true"
244-->src/main/AndroidManifest.xml:219:13-36
245            android:launchMode="singleInstance"
245-->src/main/AndroidManifest.xml:220:13-48
246            android:screenOrientation="portrait" >
246-->src/main/AndroidManifest.xml:221:13-49
247            <intent-filter>
247-->src/main/AndroidManifest.xml:222:13-227:29
248                <action android:name="android.intent.action.MAIN" />
248-->src/main/AndroidManifest.xml:223:17-69
248-->src/main/AndroidManifest.xml:223:25-66
249
250                <category android:name="android.intent.category.DEFAULT" />
250-->src/main/AndroidManifest.xml:225:17-76
250-->src/main/AndroidManifest.xml:225:27-73
251                <category android:name="android.intent.category.LAUNCHER" />
251-->src/main/AndroidManifest.xml:226:17-77
251-->src/main/AndroidManifest.xml:226:27-74
252            </intent-filter>
253        </activity>
254        <activity
254-->src/main/AndroidManifest.xml:229:9-232:52
255            android:name="com.checkmate.android.ui.activity.ChessActivity"
255-->src/main/AndroidManifest.xml:230:13-54
256            android:launchMode="singleTop"
256-->src/main/AndroidManifest.xml:231:13-43
257            android:screenOrientation="portrait" />
257-->src/main/AndroidManifest.xml:232:13-49
258        <activity
258-->src/main/AndroidManifest.xml:233:9-252:20
259            android:name="com.checkmate.android.util.MainActivity"
259-->src/main/AndroidManifest.xml:234:13-46
260            android:alwaysRetainTaskState="true"
260-->src/main/AndroidManifest.xml:235:13-49
261            android:configChanges="screenSize|keyboardHidden|orientation"
261-->src/main/AndroidManifest.xml:236:13-74
262            android:exported="true"
262-->src/main/AndroidManifest.xml:237:13-36
263            android:label="@string/app_name"
263-->src/main/AndroidManifest.xml:238:13-45
264            android:launchMode="singleTask"
264-->src/main/AndroidManifest.xml:239:13-44
265            android:screenOrientation="portrait"
265-->src/main/AndroidManifest.xml:240:13-49
266            android:windowSoftInputMode="adjustResize" >
266-->src/main/AndroidManifest.xml:241:13-55
267            <intent-filter>
267-->src/main/AndroidManifest.xml:242:13-244:29
268                <action android:name="android.intent.action.VIEW" />
268-->src/main/AndroidManifest.xml:243:17-69
268-->src/main/AndroidManifest.xml:243:25-66
269            </intent-filter>
270            <intent-filter>
270-->src/main/AndroidManifest.xml:245:13-247:29
271                <action android:name="android.hardware.usb.action.USB_DEVICE_ATTACHED" />
271-->src/main/AndroidManifest.xml:246:17-90
271-->src/main/AndroidManifest.xml:246:25-87
272            </intent-filter>
273
274            <meta-data
274-->src/main/AndroidManifest.xml:249:13-251:57
275                android:name="android.hardware.usb.action.USB_DEVICE_ATTACHED"
275-->src/main/AndroidManifest.xml:250:17-79
276                android:resource="@xml/device_filter" />
276-->src/main/AndroidManifest.xml:251:17-54
277        </activity>
278
279        <provider
280            android:name="androidx.core.content.FileProvider"
280-->src/main/AndroidManifest.xml:255:13-62
281            android:authorities="com.checkmate.android.provider"
281-->src/main/AndroidManifest.xml:256:13-60
282            android:exported="false"
282-->src/main/AndroidManifest.xml:257:13-37
283            android:grantUriPermissions="true" >
283-->src/main/AndroidManifest.xml:258:13-47
284            <meta-data
284-->src/main/AndroidManifest.xml:259:13-261:54
285                android:name="android.support.FILE_PROVIDER_PATHS"
285-->src/main/AndroidManifest.xml:260:17-67
286                android:resource="@xml/file_paths" />
286-->src/main/AndroidManifest.xml:261:17-51
287        </provider>
288
289        <activity